<?xml version="1.0" encoding="UTF-8"?>
<!-- Generated by org.testng.reporters.JUnitXMLReporter -->
<testsuite ignored="2" hostname="LAPTOP-J5KFFLCN" failures="0" tests="5" name="Test" time="35.044" errors="0" timestamp="2023-08-09T15:32:46 IST">
  <testcase classname="testcases.testNgGroup" name="text" time="0.01"/>
  <testcase classname="testcases.testNgGroup" name="xyz" time="0.004"/>
  <testcase classname="testcases.dataDrivenTesting" name="verifyValidLoginWithDifferentUsers" time="3.927"/>
  <testcase classname="testcases.dataDrivenTesting" name="verifyValidLoginWithDifferentUsers" time="3.306"/>
  <testcase classname="testcases.dataDrivenTesting" name="verifyValidLoginWithDifferentUsers" time="3.539"/>
  <testcase classname="testcases.testNgGroup" name="mno" time="0.0">
    <ignored/>
  </testcase> <!-- mno -->
  <testcase classname="testcases.testNgGroup" name="abc" time="0.0">
    <ignored/>
  </testcase> <!-- abc -->
</testsuite> <!-- Test -->
