<?xml version="1.0" encoding="UTF-8"?>
<testng-results ignored="0" total="1" passed="1" failed="0" skipped="0">
  <reporter-output>
  </reporter-output>
  <suite started-at="2023-08-12T17:07:35 IST" name="Default suite" finished-at="2023-08-12T17:07:48 IST" duration-ms="13559">
    <groups>
    </groups>
    <test started-at="2023-08-12T17:07:35 IST" name="Default test" finished-at="2023-08-12T17:07:48 IST" duration-ms="13559">
      <class name="omayo.testCases.VerifyPageNavigation">
        <test-method is-config="true" signature="setup()[pri:0, instance:omayo.testCases.VerifyPageNavigation@41a0aa7d]" started-at="2023-08-12T17:07:35 IST" name="setup" finished-at="2023-08-12T17:07:42 IST" duration-ms="7329" status="PASS">
          <reporter-output>
          </reporter-output>
        </test-method> <!-- setup -->
        <test-method signature="verifyNavigation()[pri:0, instance:omayo.testCases.VerifyPageNavigation@41a0aa7d]" started-at="2023-08-12T17:07:42 IST" name="verifyNavigation" finished-at="2023-08-12T17:07:48 IST" duration-ms="5932" status="PASS">
          <reporter-output>
          </reporter-output>
        </test-method> <!-- verifyNavigation -->
        <test-method is-config="true" signature="tearDown()[pri:0, instance:omayo.testCases.VerifyPageNavigation@41a0aa7d]" started-at="2023-08-12T17:07:48 IST" name="tearDown" finished-at="2023-08-12T17:07:48 IST" duration-ms="257" status="PASS">
          <reporter-output>
          </reporter-output>
        </test-method> <!-- tearDown -->
      </class> <!-- omayo.testCases.VerifyPageNavigation -->
    </test> <!-- Default test -->
  </suite> <!-- Default suite -->
</testng-results>
